# JRE version: Java(TM) SE Runtime Environment (21.0.2+13) (build 21.0.2+13-LTS-58)
# Java VM: Java HotSpot(TM) 64-Bit Server VM (21.0.2+13-LTS-58, mixed mode, sharing, tiered, compressed oops, compressed class ptrs, g1 gc, windows-amd64)
GC Precious Log:
 CardTable entry size: 512
 Card Set container configuration: InlinePtr #cards 5 size 8 Array Of Cards #cards 12 size 40 Howl #buckets 4 coarsen threshold 1843 Howl Bitmap #cards 512 size 80 coarsen threshold 460 Card regions per heap region 1 cards per card region 2048
 CPUs: 4 total, 4 available
 Memory: 14255M
 Large Page Support: Disabled
 NUMA Support: Disabled
 Compressed Oops: Enabled (32-bit)
 Heap Region Size: 1M
 Heap Min Capacity: 8M
 Heap Initial Capacity: 224M
 Heap Max Capacity: 2G
 Pre-touch: Disabled
 Parallel Workers: 4
 Concurrent Workers: 1
 Concurrent Refinement Workers: 4
 Periodic GC: Disabled
Heap:
 garbage-first heap   total 89088K, used 68960K [0x0000000080000000, 0x0000000100000000)
  region size 1024K, 38 young (38912K), 5 survivors (5120K)
 Metaspace       used 48037K, committed 49536K, reserved 1114112K
  class space    used 6856K, committed 7616K, reserved 1048576K
GC Heap History (18 events):
Event: 50.039 GC heap before
{Heap before GC invocations=0 (full 0):
 garbage-first heap   total 229376K, used 13312K [0x0000000080000000, 0x0000000100000000)
  region size 1024K, 13 young (13312K), 0 survivors (0K)
 Metaspace       used 803K, committed 960K, reserved 1114112K
  class space    used 67K, committed 128K, reserved 1048576K
}
Event: 50.117 GC heap after
{Heap after GC invocations=1 (full 0):
 garbage-first heap   total 229376K, used 1280K [0x0000000080000000, 0x0000000100000000)
  region size 1024K, 2 young (2048K), 2 survivors (2048K)
 Metaspace       used 803K, committed 960K, reserved 1114112K
  class space    used 67K, committed 128K, reserved 1048576K
}
Event: 111.272 GC heap before
{Heap before GC invocations=1 (full 0):
 garbage-first heap   total 229376K, used 29952K [0x0000000080000000, 0x0000000100000000)
  region size 1024K, 27 young (27648K), 2 survivors (2048K)
 Metaspace       used 3892K, committed 4032K, reserved 1114112K
  class space    used 488K, committed 576K, reserved 1048576K
}
Event: 111.285 GC heap after
{Heap after GC invocations=2 (full 0):
 garbage-first heap   total 229376K, used 11158K [0x0000000080000000, 0x0000000100000000)
  region size 1024K, 4 young (4096K), 4 survivors (4096K)
 Metaspace       used 3892K, committed 4032K, reserved 1114112K
  class space    used 488K, committed 576K, reserved 1048576K
}
Event: 348.948 GC heap before
{Heap before GC invocations=2 (full 0):
 garbage-first heap   total 229376K, used 145302K [0x0000000080000000, 0x0000000100000000)
  region size 1024K, 134 young (137216K), 4 survivors (4096K)
 Metaspace       used 18724K, committed 19392K, reserved 1114112K
  class space    used 2644K, committed 2944K, reserved 1048576K
}
Event: 348.979 GC heap after
{Heap after GC invocations=3 (full 0):
 garbage-first heap   total 229376K, used 23035K [0x0000000080000000, 0x0000000100000000)
  region size 1024K, 15 young (15360K), 15 survivors (15360K)
 Metaspace       used 18724K, committed 19392K, reserved 1114112K
  class space    used 2644K, committed 2944K, reserved 1048576K
}
Event: 378.189 GC heap before
{Heap before GC invocations=3 (full 0):
 garbage-first heap   total 229376K, used 41467K [0x0000000080000000, 0x0000000100000000)
  region size 1024K, 34 young (34816K), 15 survivors (15360K)
 Metaspace       used 20817K, committed 21504K, reserved 1114112K
  class space    used 2988K, committed 3328K, reserved 1048576K
}
Event: 378.221 GC heap after
{Heap after GC invocations=4 (full 0):
 garbage-first heap   total 229376K, used 25088K [0x0000000080000000, 0x0000000100000000)
  region size 1024K, 2 young (2048K), 2 survivors (2048K)
 Metaspace       used 20817K, committed 21504K, reserved 1114112K
  class space    used 2988K, committed 3328K, reserved 1048576K
}
Event: 459.175 GC heap before
{Heap before GC invocations=5 (full 0):
 garbage-first heap   total 89088K, used 76288K [0x0000000080000000, 0x0000000100000000)
  region size 1024K, 52 young (53248K), 2 survivors (2048K)
 Metaspace       used 27048K, committed 28096K, reserved 1114112K
  class space    used 4037K, committed 4544K, reserved 1048576K
}
Event: 459.186 GC heap after
{Heap after GC invocations=6 (full 0):
 garbage-first heap   total 89088K, used 27136K [0x0000000080000000, 0x0000000100000000)
  region size 1024K, 4 young (4096K), 4 survivors (4096K)
 Metaspace       used 27048K, committed 28096K, reserved 1114112K
  class space    used 4037K, committed 4544K, reserved 1048576K
}
Event: 537.909 GC heap before
{Heap before GC invocations=6 (full 0):
 garbage-first heap   total 89088K, used 73216K [0x0000000080000000, 0x0000000100000000)
  region size 1024K, 50 young (51200K), 4 survivors (4096K)
 Metaspace       used 34436K, committed 35648K, reserved 1114112K
  class space    used 4895K, committed 5504K, reserved 1048576K
}
Event: 537.966 GC heap after
{Heap after GC invocations=7 (full 0):
 garbage-first heap   total 89088K, used 32216K [0x0000000080000000, 0x0000000100000000)
  region size 1024K, 7 young (7168K), 7 survivors (7168K)
 Metaspace       used 34436K, committed 35648K, reserved 1114112K
  class space    used 4895K, committed 5504K, reserved 1048576K
}
Event: 549.826 GC heap before
{Heap before GC invocations=7 (full 0):
 garbage-first heap   total 89088K, used 44504K [0x0000000080000000, 0x0000000100000000)
  region size 1024K, 20 young (20480K), 7 survivors (7168K)
 Metaspace       used 34729K, committed 35968K, reserved 1114112K
  class space    used 4936K, committed 5568K, reserved 1048576K
}
Event: 549.842 GC heap after
{Heap after GC invocations=8 (full 0):
 garbage-first heap   total 89088K, used 33295K [0x0000000080000000, 0x0000000100000000)
  region size 1024K, 2 young (2048K), 2 survivors (2048K)
 Metaspace       used 34729K, committed 35968K, reserved 1114112K
  class space    used 4936K, committed 5568K, reserved 1048576K
}
Event: 620.670 GC heap before
{Heap before GC invocations=9 (full 0):
 garbage-first heap   total 89088K, used 77327K [0x0000000080000000, 0x0000000100000000)
  region size 1024K, 45 young (46080K), 2 survivors (2048K)
 Metaspace       used 37427K, committed 38848K, reserved 1114112K
  class space    used 5404K, committed 6144K, reserved 1048576K
}
Event: 620.678 GC heap after
{Heap after GC invocations=10 (full 0):
 garbage-first heap   total 89088K, used 34560K [0x0000000080000000, 0x0000000100000000)
  region size 1024K, 3 young (3072K), 3 survivors (3072K)
 Metaspace       used 37427K, committed 38848K, reserved 1114112K
  class space    used 5404K, committed 6144K, reserved 1048576K
}
Event: 729.765 GC heap before
{Heap before GC invocations=10 (full 0):
 garbage-first heap   total 89088K, used 79616K [0x0000000080000000, 0x0000000100000000)
  region size 1024K, 46 young (47104K), 3 survivors (3072K)
 Metaspace       used 43416K, committed 44928K, reserved 1114112K
  class space    used 6195K, committed 6976K, reserved 1048576K
}
Event: 729.779 GC heap after
{Heap after GC invocations=11 (full 0):
 garbage-first heap   total 89088K, used 36192K [0x0000000080000000, 0x0000000100000000)
  region size 1024K, 5 young (5120K), 5 survivors (5120K)
 Metaspace       used 43416K, committed 44928K, reserved 1114112K
  class space    used 6195K, committed 6976K, reserved 1048576K
}

